0 info it worked if it ends with ok
1 verbose cli [ '/usr/bin/node', '/usr/bin/npm', 'publish' ]
2 info using npm@1.4.28
3 info using node@v0.10.35
4 verbose publish [ '.' ]
5 verbose cache add [ '.', null ]
6 verbose cache add name=undefined spec="." args=[".",null]
7 verbose parsed url { protocol: null,
7 verbose parsed url   slashes: null,
7 verbose parsed url   auth: null,
7 verbose parsed url   host: null,
7 verbose parsed url   port: null,
7 verbose parsed url   hostname: null,
7 verbose parsed url   hash: null,
7 verbose parsed url   search: null,
7 verbose parsed url   query: null,
7 verbose parsed url   pathname: '.',
7 verbose parsed url   path: '.',
7 verbose parsed url   href: '.' }
8 silly lockFile 3a52ce78- .
9 verbose lock . /root/.npm/3a52ce78-.lock
10 verbose tar pack [ '/root/.npm/fis-preprocessor-cssgrace/1.0.2/package.tgz',
10 verbose tar pack   '.' ]
11 verbose tarball /root/.npm/fis-preprocessor-cssgrace/1.0.2/package.tgz
12 verbose folder .
13 info prepublish fis-preprocessor-cssgrace@1.0.2
14 silly lockFile 1f1177db-tar tar://.
15 verbose lock tar://. /root/.npm/1f1177db-tar.lock
16 silly lockFile a2bbed65-essor-cssgrace-1-0-2-package-tgz tar:///root/.npm/fis-preprocessor-cssgrace/1.0.2/package.tgz
17 verbose lock tar:///root/.npm/fis-preprocessor-cssgrace/1.0.2/package.tgz /root/.npm/a2bbed65-essor-cssgrace-1-0-2-package-tgz.lock
18 silly lockFile 1f1177db-tar tar://.
19 silly lockFile 1f1177db-tar tar://.
20 silly lockFile a2bbed65-essor-cssgrace-1-0-2-package-tgz tar:///root/.npm/fis-preprocessor-cssgrace/1.0.2/package.tgz
21 silly lockFile a2bbed65-essor-cssgrace-1-0-2-package-tgz tar:///root/.npm/fis-preprocessor-cssgrace/1.0.2/package.tgz
22 silly lockFile 608348c4-processor-cssgrace-1-0-2-package /root/.npm/fis-preprocessor-cssgrace/1.0.2/package
23 verbose lock /root/.npm/fis-preprocessor-cssgrace/1.0.2/package /root/.npm/608348c4-processor-cssgrace-1-0-2-package.lock
24 silly lockFile 608348c4-processor-cssgrace-1-0-2-package /root/.npm/fis-preprocessor-cssgrace/1.0.2/package
25 silly lockFile 608348c4-processor-cssgrace-1-0-2-package /root/.npm/fis-preprocessor-cssgrace/1.0.2/package
26 silly lockFile 3a52ce78- .
27 silly lockFile 3a52ce78- .
28 silly publish { name: 'fis-preprocessor-cssgrace',
28 silly publish   version: '1.0.2',
28 silly publish   description: 'preprocessor cssgrace for fis',
28 silly publish   main: 'index.js',
28 silly publish   scripts: { test: 'echo "Error: no test specified" && exit 1' },
28 silly publish   repository:
28 silly publish    { type: 'git',
28 silly publish      url: 'https://github.com/xch89820/fis-preprocessor-cssgrace' },
28 silly publish   keywords: [ 'fis' ],
28 silly publish   author: { name: 'fansekey' },
28 silly publish   license: 'BSD',
28 silly publish   bugs: { url: 'https://github.com/xch89820/fis-preprocessor-cssgrace/issues' },
28 silly publish   dependencies: { 'image-size': '^0.3.5', postcss: '^4.1.11' },
28 silly publish   peerDependencies: { postcss: '^4.1.11' },
28 silly publish   devDependencies: { postcss: '^4.1.11', tape: '^3.0.0' },
28 silly publish   maintainers: [ { name: 'jonecapser', email: 'xu.chenhui@live.com' } ],
28 silly publish   readme: '# fis-preprocessor-cssgrace\n',
28 silly publish   readmeFilename: 'README.md',
28 silly publish   gitHead: 'bd7063246321da16a6513f793ffe9526f46767d7',
28 silly publish   homepage: 'https://github.com/xch89820/fis-preprocessor-cssgrace',
28 silly publish   _id: 'fis-preprocessor-cssgrace@1.0.2',
28 silly publish   _shasum: 'daa5fd8ae4fe92b1128103399b85c0b559ad44a7',
28 silly publish   _from: '.' }
29 verbose request where is /fis-preprocessor-cssgrace
30 verbose request registry https://registry.npmjs.org/
31 verbose request id d9fee627b19aac8c
32 verbose url raw /fis-preprocessor-cssgrace
33 verbose url resolving [ 'https://registry.npmjs.org/', './fis-preprocessor-cssgrace' ]
34 verbose url resolved https://registry.npmjs.org/fis-preprocessor-cssgrace
35 verbose request where is https://registry.npmjs.org/fis-preprocessor-cssgrace
36 info trying registry request attempt 1 at 15:08:14
37 http PUT https://registry.npmjs.org/fis-preprocessor-cssgrace
38 http 403 https://registry.npmjs.org/fis-preprocessor-cssgrace
39 verbose headers { 'content-type': 'application/json',
39 verbose headers   'cache-control': 'max-age=60',
39 verbose headers   'content-length': '95',
39 verbose headers   'accept-ranges': 'bytes',
39 verbose headers   date: 'Wed, 19 Aug 2015 07:08:16 GMT',
39 verbose headers   via: '1.1 varnish',
39 verbose headers   connection: 'keep-alive',
39 verbose headers   'x-served-by': 'cache-itm7420-ITM',
39 verbose headers   'x-cache': 'MISS',
39 verbose headers   'x-cache-hits': '0',
39 verbose headers   'x-timer': 'S1439968095.030269,VS0,VE1843' }
40 error publish Failed PUT 403
41 error Error: "You cannot publish over the previously published version 1.0.2." : fis-preprocessor-cssgrace
41 error     at RegClient.<anonymous> (/usr/lib/node_modules/npm/node_modules/npm-registry-client/lib/request.js:308:14)
41 error     at Request._callback (/usr/lib/node_modules/npm/node_modules/npm-registry-client/lib/request.js:246:65)
41 error     at Request.self.callback (/usr/lib/node_modules/npm/node_modules/request/request.js:236:22)
41 error     at Request.emit (events.js:98:17)
41 error     at Request.<anonymous> (/usr/lib/node_modules/npm/node_modules/request/request.js:1142:14)
41 error     at Request.emit (events.js:117:20)
41 error     at IncomingMessage.<anonymous> (/usr/lib/node_modules/npm/node_modules/request/request.js:1096:12)
41 error     at IncomingMessage.emit (events.js:117:20)
41 error     at _stream_readable.js:944:16
41 error     at process._tickCallback (node.js:442:13)
42 error If you need help, you may report this *entire* log,
42 error including the npm and node versions, at:
42 error     <http://github.com/npm/npm/issues>
43 error System Linux 3.11.6-4-desktop
44 error command "/usr/bin/node" "/usr/bin/npm" "publish"
45 error cwd /home/xch/github/fis-preprocessor-cssgrace
46 error node -v v0.10.35
47 error npm -v 1.4.28
48 verbose exit [ 1, true ]
